This is XeTeX, Version 3.1415926-2.4-0.9998 (TeX Live 2012) (format=xelatex 2013.2.20)  12 MAR 2013 17:53
entering extended mode
 restricted \write18 enabled.
 %&-line parsing enabled.
**_build/latex/openstack-on-centos.tex
(./_build/latex/openstack-on-centos.tex
LaTeX2e <2011/06/27>
Babel <v3.8m> and hyphenation patterns for english, dumylang, nohyphenation, pi
nyin, loaded.

! LaTeX Error: File `sphinxmanual.cls' not found.

Type X to quit or <RETURN> to proceed,
or enter new name. (Default extension: cls)

Enter file name: 
! Emergency stop.
<read *> 
         
l.4 \usepackage
               [utf8]{inputenc}^^M
End of file on the terminal!

 
Here is how much of TeX's memory you used:
 11 strings out of 495701
 220 string characters out of 3188594
 45159 words of memory out of 3000000
 3252 multiletter control sequences out of 15000+200000
 3640 words of font info for 14 fonts, out of 3000000 for 9000
 14 hyphenation exceptions out of 8191
 10i,0n,7p,89b,8s stack positions out of 5000i,500n,10000p,200000b,50000s
No pages of output.
